<?xml version="1.0" encoding="utf-8"?>
<androidx.constraintlayout.widget.ConstraintLayout xmlns:android="http://schemas.android.com/apk/res/android"
    xmlns:app="http://schemas.android.com/apk/res-auto"
    xmlns:tools="http://schemas.android.com/tools"
    android:layout_width="match_parent"
    android:layout_height="match_parent">

    <Button
        android:id="@+id/go_main_activity"
        android:layout_width="0dp"
        android:layout_height="wrap_content"
        android:layout_marginStart="75dp"
        android:layout_marginTop="8dp"
        android:layout_marginEnd="75dp"
        android:layout_marginBottom="8dp"
        android:background="@drawable/back_for_button"
        android:text="Меню"
        android:textSize="16sp"
        app:layout_constraintBottom_toBottomOf="parent"
        app:layout_constraintEnd_toEndOf="parent"
        app:layout_constraintHorizontal_bias="0.0"
        app:layout_constraintStart_toStartOf="parent"
        app:layout_constraintTop_toBottomOf="@+id/description_result"
        app:layout_constraintVertical_bias="0.985" />

    <ImageView
        android:id="@+id/imageView7"
        android:layout_width="240dp"
        android:layout_height="130dp"
        android:layout_marginTop="4dp"
        android:scaleType="fitXY"
        app:layout_constraintEnd_toEndOf="@+id/title_result"
        app:layout_constraintStart_toStartOf="@+id/title_result"
        app:layout_constraintTop_toTopOf="parent"
        app:srcCompat="@drawable/ramka_for_results" />

    <TextView
        android:id="@+id/title_result"
        android:layout_width="0dp"
        android:layout_height="wrap_content"
        android:layout_marginStart="16dp"
        android:layout_marginTop="8dp"
        android:layout_marginEnd="16dp"
        android:textAlignment="center"
        android:textSize="24sp"
        android:textStyle="bold"
        app:layout_constraintEnd_toEndOf="parent"
        app:layout_constraintHorizontal_bias="1.0"
        app:layout_constraintStart_toStartOf="parent"
        app:layout_constraintTop_toBottomOf="@+id/imageView7" />

    <TextView
        android:id="@+id/description_result"
        android:layout_width="0dp"
        android:layout_height="wrap_content"
        android:layout_marginStart="4dp"
        android:layout_marginTop="6dp"
        android:layout_marginEnd="4dp"
        android:textAlignment="center"
        android:textSize="18sp"
        app:layout_constraintEnd_toEndOf="parent"
        app:layout_constraintHorizontal_bias="1.0"
        app:layout_constraintStart_toStartOf="parent"
        app:layout_constraintTop_toBottomOf="@+id/title_result" />

    <TextView
        android:id="@+id/textView17"
        android:layout_width="0dp"
        android:layout_height="wrap_content"
        android:layout_marginStart="8dp"
        android:layout_marginTop="20dp"
        android:layout_marginEnd="8dp"
        android:textAlignment="center"
        android:textSize="36sp"
        android:textStyle="bold"
        app:layout_constraintEnd_toEndOf="@+id/imageView7"
        app:layout_constraintStart_toStartOf="@+id/imageView7"
        app:layout_constraintTop_toTopOf="@+id/imageView7"
        tools:text="11/25" />

    <TextView
        android:id="@+id/textView22"
        android:layout_width="0dp"
        android:layout_height="wrap_content"
        android:text="Правильных ответов"
        android:textAlignment="center"
        android:textSize="19sp"
        app:layout_constraintEnd_toEndOf="@+id/textView17"
        app:layout_constraintStart_toStartOf="@+id/textView17"
        app:layout_constraintTop_toBottomOf="@+id/textView17" />

</androidx.constraintlayout.widget.ConstraintLayout>